Copyright 1986-2022 Xilinx, Inc. All Rights Reserved. Copyright 2022-2024 Advanced Micro Devices, Inc. All Rights Reserved.
------------------------------------------------------------------------------------------------------------------------------------------------------------------------------------------------------
| Tool Version : Vivado v.2024.2 (win64) Build 5239630 Fri Nov 08 22:35:27 MST 2024
| Date         : Wed Oct 29 18:38:05 2025
| Host         : Nacho running 64-bit major release  (build 9200)
| Command      : report_timing_summary -max_paths 10 -report_unconstrained -file top_timing_summary_routed.rpt -pb top_timing_summary_routed.pb -rpx top_timing_summary_routed.rpx -warn_on_violation
| Design       : top
| Device       : 7a35t-cpg236
| Speed File   : -1  PRODUCTION 1.23 2018-06-13
| Design State : Routed
------------------------------------------------------------------------------------------------------------------------------------------------------------------------------------------------------

Timing Summary Report

------------------------------------------------------------------------------------------------
| Timer Settings
| --------------
------------------------------------------------------------------------------------------------

  Enable Multi Corner Analysis               :  Yes
  Enable Pessimism Removal                   :  Yes
  Pessimism Removal Resolution               :  Nearest Common Node
  Enable Input Delay Default Clock           :  No
  Enable Preset / Clear Arcs                 :  No
  Disable Flight Delays                      :  No
  Ignore I/O Paths                           :  No
  Timing Early Launch at Borrowing Latches   :  No
  Borrow Time for Max Delay Exceptions       :  Yes
  Merge Timing Exceptions                    :  Yes
  Inter-SLR Compensation                     :  Conservative

  Corner  Analyze    Analyze    
  Name    Max Paths  Min Paths  
  ------  ---------  ---------  
  Slow    Yes        Yes        
  Fast    Yes        Yes        


------------------------------------------------------------------------------------------------
| Report Methodology
| ------------------
------------------------------------------------------------------------------------------------

Rule       Severity  Description                    Violations  
---------  --------  -----------------------------  ----------  
TIMING-18  Warning   Missing input or output delay  14          

Note: This report is based on the most recent report_methodology run and may not be up-to-date. Run report_methodology on the current design for the latest report.



check_timing report

Table of Contents
-----------------
1. checking no_clock (0)
2. checking constant_clock (0)
3. checking pulse_width_clock (0)
4. checking unconstrained_internal_endpoints (0)
5. checking no_input_delay (10)
6. checking no_output_delay (4)
7. checking multiple_clock (0)
8. checking generated_clocks (0)
9. checking loops (0)
10. checking partial_input_delay (0)
11. checking partial_output_delay (0)
12. checking latch_loops (0)

1. checking no_clock (0)
------------------------
 There are 0 register/latch pins with no clock.


2. checking constant_clock (0)
------------------------------
 There are 0 register/latch pins with constant_clock.


3. checking pulse_width_clock (0)
---------------------------------
 There are 0 register/latch pins which need pulse_width check


4. checking unconstrained_internal_endpoints (0)
------------------------------------------------
 There are 0 pins that are not constrained for maximum delay.

 There are 0 pins that are not constrained for maximum delay due to constant clock.


5. checking no_input_delay (10)
-------------------------------
 There are 10 input ports with no input delay specified. (HIGH)

 There are 0 input ports with no input delay but user has a false path constraint.


6. checking no_output_delay (4)
-------------------------------
 There are 4 ports with no output delay specified. (HIGH)

 There are 0 ports with no output delay but user has a false path constraint

 There are 0 ports with no output delay but with a timing clock defined on it or propagating through it


7. checking multiple_clock (0)
------------------------------
 There are 0 register/latch pins with multiple clocks.


8. checking generated_clocks (0)
--------------------------------
 There are 0 generated clocks that are not connected to a clock source.


9. checking loops (0)
---------------------
 There are 0 combinational loops in the design.


10. checking partial_input_delay (0)
------------------------------------
 There are 0 input ports with partial input delay specified.


11. checking partial_output_delay (0)
-------------------------------------
 There are 0 ports with partial output delay specified.


12. checking latch_loops (0)
----------------------------
 There are 0 combinational latch loops in the design through latch input



------------------------------------------------------------------------------------------------
| Design Timing Summary
| ---------------------
------------------------------------------------------------------------------------------------

    WNS(ns)      TNS(ns)  TNS Failing Endpoints  TNS Total Endpoints      WHS(ns)      THS(ns)  THS Failing Endpoints  THS Total Endpoints     WPWS(ns)     TPWS(ns)  TPWS Failing Endpoints  TPWS Total Endpoints  
    -------      -------  ---------------------  -------------------      -------      -------  ---------------------  -------------------     --------     --------  ----------------------  --------------------  
        inf        0.000                      0                   46          inf        0.000                      0                   46        4.500        0.000                       0                    15  


All user specified timing constraints are met.


------------------------------------------------------------------------------------------------
| Clock Summary
| -------------
------------------------------------------------------------------------------------------------

Clock        Waveform(ns)       Period(ns)      Frequency(MHz)
-----        ------------       ----------      --------------
sys_clk_pin  {0.000 5.000}      10.000          100.000         


------------------------------------------------------------------------------------------------
| Intra Clock Table
| -----------------
------------------------------------------------------------------------------------------------

Clock             WNS(ns)      TNS(ns)  TNS Failing Endpoints  TNS Total Endpoints      WHS(ns)      THS(ns)  THS Failing Endpoints  THS Total Endpoints     WPWS(ns)     TPWS(ns)  TPWS Failing Endpoints  TPWS Total Endpoints  
-----             -------      -------  ---------------------  -------------------      -------      -------  ---------------------  -------------------     --------     --------  ----------------------  --------------------  
sys_clk_pin                                                                                                                                                     4.500        0.000                       0                    15  


------------------------------------------------------------------------------------------------
| Inter Clock Table
| -----------------
------------------------------------------------------------------------------------------------

From Clock    To Clock          WNS(ns)      TNS(ns)  TNS Failing Endpoints  TNS Total Endpoints      WHS(ns)      THS(ns)  THS Failing Endpoints  THS Total Endpoints  
----------    --------          -------      -------  ---------------------  -------------------      -------      -------  ---------------------  -------------------  


------------------------------------------------------------------------------------------------
| Other Path Groups Table
| -----------------------
------------------------------------------------------------------------------------------------

Path Group    From Clock    To Clock          WNS(ns)      TNS(ns)  TNS Failing Endpoints  TNS Total Endpoints      WHS(ns)      THS(ns)  THS Failing Endpoints  THS Total Endpoints  
----------    ----------    --------          -------      -------  ---------------------  -------------------      -------      -------  ---------------------  -------------------  


------------------------------------------------------------------------------------------------
| User Ignored Path Table
| -----------------------
------------------------------------------------------------------------------------------------

Path Group    From Clock    To Clock    
----------    ----------    --------    


------------------------------------------------------------------------------------------------
| Unconstrained Path Table
| ------------------------
------------------------------------------------------------------------------------------------

Path Group    From Clock    To Clock    
----------    ----------    --------    
(none)        sys_clk_pin                 
(none)                      sys_clk_pin   


------------------------------------------------------------------------------------------------
| Timing Details
| --------------
------------------------------------------------------------------------------------------------


---------------------------------------------------------------------------------------------------
From Clock:  sys_clk_pin
  To Clock:  sys_clk_pin

Setup :           NA  Failing Endpoints,  Worst Slack           NA  ,  Total Violation           NA
Hold  :           NA  Failing Endpoints,  Worst Slack           NA  ,  Total Violation           NA
PW    :            0  Failing Endpoints,  Worst Slack        4.500ns,  Total Violation        0.000ns
---------------------------------------------------------------------------------------------------


Pulse Width Checks
--------------------------------------------------------------------------------------
Clock Name:         sys_clk_pin
Waveform(ns):       { 0.000 5.000 }
Period(ns):         10.000
Sources:            { i_clk }

Check Type        Corner  Lib Pin  Reference Pin  Required(ns)  Actual(ns)  Slack(ns)  Location       Pin
Min Period        n/a     BUFG/I   n/a            2.155         10.000      7.845      BUFGCTRL_X0Y0  i_clk_IBUF_BUFG_inst/I
Min Period        n/a     FDRE/C   n/a            1.000         10.000      9.000      SLICE_X0Y12    instanciaLatch/reg_opcode_reg[0]/C
Min Period        n/a     FDRE/C   n/a            1.000         10.000      9.000      SLICE_X0Y12    instanciaLatch/reg_opcode_reg[1]/C
Min Period        n/a     FDRE/C   n/a            1.000         10.000      9.000      SLICE_X0Y14    instanciaLatch/reg_opcode_reg[2]/C
Min Period        n/a     FDRE/C   n/a            1.000         10.000      9.000      SLICE_X0Y12    instanciaLatch/reg_opcode_reg[3]/C
Min Period        n/a     FDRE/C   n/a            1.000         10.000      9.000      SLICE_X0Y12    instanciaLatch/reg_opcode_reg[4]/C
Min Period        n/a     FDRE/C   n/a            1.000         10.000      9.000      SLICE_X0Y12    instanciaLatch/reg_opcode_reg[5]/C
Min Period        n/a     FDRE/C   n/a            1.000         10.000      9.000      SLICE_X0Y13    instanciaLatch/reg_operandoA_reg[0]/C
Min Period        n/a     FDRE/C   n/a            1.000         10.000      9.000      SLICE_X0Y13    instanciaLatch/reg_operandoA_reg[1]/C
Min Period        n/a     FDRE/C   n/a            1.000         10.000      9.000      SLICE_X0Y13    instanciaLatch/reg_operandoA_reg[2]/C
Low Pulse Width   Slow    FDRE/C   n/a            0.500         5.000       4.500      SLICE_X0Y12    instanciaLatch/reg_opcode_reg[0]/C
Low Pulse Width   Fast    FDRE/C   n/a            0.500         5.000       4.500      SLICE_X0Y12    instanciaLatch/reg_opcode_reg[0]/C
Low Pulse Width   Slow    FDRE/C   n/a            0.500         5.000       4.500      SLICE_X0Y12    instanciaLatch/reg_opcode_reg[1]/C
Low Pulse Width   Fast    FDRE/C   n/a            0.500         5.000       4.500      SLICE_X0Y12    instanciaLatch/reg_opcode_reg[1]/C
Low Pulse Width   Slow    FDRE/C   n/a            0.500         5.000       4.500      SLICE_X0Y14    instanciaLatch/reg_opcode_reg[2]/C
Low Pulse Width   Fast    FDRE/C   n/a            0.500         5.000       4.500      SLICE_X0Y14    instanciaLatch/reg_opcode_reg[2]/C
Low Pulse Width   Slow    FDRE/C   n/a            0.500         5.000       4.500      SLICE_X0Y12    instanciaLatch/reg_opcode_reg[3]/C
Low Pulse Width   Fast    FDRE/C   n/a            0.500         5.000       4.500      SLICE_X0Y12    instanciaLatch/reg_opcode_reg[3]/C
Low Pulse Width   Slow    FDRE/C   n/a            0.500         5.000       4.500      SLICE_X0Y12    instanciaLatch/reg_opcode_reg[4]/C
Low Pulse Width   Fast    FDRE/C   n/a            0.500         5.000       4.500      SLICE_X0Y12    instanciaLatch/reg_opcode_reg[4]/C
High Pulse Width  Slow    FDRE/C   n/a            0.500         5.000       4.500      SLICE_X0Y12    instanciaLatch/reg_opcode_reg[0]/C
High Pulse Width  Fast    FDRE/C   n/a            0.500         5.000       4.500      SLICE_X0Y12    instanciaLatch/reg_opcode_reg[0]/C
High Pulse Width  Slow    FDRE/C   n/a            0.500         5.000       4.500      SLICE_X0Y12    instanciaLatch/reg_opcode_reg[1]/C
High Pulse Width  Fast    FDRE/C   n/a            0.500         5.000       4.500      SLICE_X0Y12    instanciaLatch/reg_opcode_reg[1]/C
High Pulse Width  Slow    FDRE/C   n/a            0.500         5.000       4.500      SLICE_X0Y14    instanciaLatch/reg_opcode_reg[2]/C
High Pulse Width  Fast    FDRE/C   n/a            0.500         5.000       4.500      SLICE_X0Y14    instanciaLatch/reg_opcode_reg[2]/C
High Pulse Width  Slow    FDRE/C   n/a            0.500         5.000       4.500      SLICE_X0Y12    instanciaLatch/reg_opcode_reg[3]/C
High Pulse Width  Fast    FDRE/C   n/a            0.500         5.000       4.500      SLICE_X0Y12    instanciaLatch/reg_opcode_reg[3]/C
High Pulse Width  Slow    FDRE/C   n/a            0.500         5.000       4.500      SLICE_X0Y12    instanciaLatch/reg_opcode_reg[4]/C
High Pulse Width  Fast    FDRE/C   n/a            0.500         5.000       4.500      SLICE_X0Y12    instanciaLatch/reg_opcode_reg[4]/C



--------------------------------------------------------------------------------------
Path Group:  (none)
From Clock:  sys_clk_pin
  To Clock:  

Max Delay             4 Endpoints
Min Delay             4 Endpoints
--------------------------------------------------------------------------------------


Max Delay Paths
--------------------------------------------------------------------------------------
Slack:                    inf
  Source:                 instanciaLatch/reg_operandoB_reg[0]/C
                            (rising edge-triggered cell FDRE clocked by sys_clk_pin  {rise@0.000ns fall@5.000ns period=10.000ns})
  Destination:            o_alu_output[1]
                            (output port)
  Path Group:             (none)
  Path Type:              Max at Slow Process Corner
  Data Path Delay:        9.309ns  (logic 4.621ns (49.639%)  route 4.688ns (50.361%))
  Logic Levels:           4  (LUT6=2 MUXF7=1 OBUF=1)
  Clock Uncertainty:      0.025ns  ((TSJ^2 + TIJ^2)^1/2 + DJ) / 2 + PE
    Total System Jitter     (TSJ):    0.050ns
    Total Input Jitter      (TIJ):    0.000ns
    Discrete Jitter          (DJ):    0.000ns
    Phase Error              (PE):    0.000ns

    Location             Delay type                Incr(ns)  Path(ns)    Netlist Resource(s)
  -------------------------------------------------------------------    -------------------
                         (clock sys_clk_pin rise edge)
                                                      0.000     0.000 r  
    W5                                                0.000     0.000 r  i_clk (IN)
                         net (fo=0)                   0.000     0.000    i_clk
    W5                   IBUF (Prop_ibuf_I_O)         1.458     1.458 r  i_clk_IBUF_inst/O
                         net (fo=1, routed)           1.967     3.425    i_clk_IBUF
    BUFGCTRL_X0Y0        BUFG (Prop_bufg_I_O)         0.096     3.521 r  i_clk_IBUF_BUFG_inst/O
                         net (fo=14, routed)          1.634     5.155    instanciaLatch/CLK
    SLICE_X1Y12          FDRE                                         r  instanciaLatch/reg_operandoB_reg[0]/C
  -------------------------------------------------------------------    -------------------
    SLICE_X1Y12          FDRE (Prop_fdre_C_Q)         0.456     5.611 r  instanciaLatch/reg_operandoB_reg[0]/Q
                         net (fo=14, routed)          1.323     6.935    instanciaLatch/o_operandoB[0]
    SLICE_X0Y11          LUT6 (Prop_lut6_I1_O)        0.124     7.059 r  instanciaLatch/o_alu_output_OBUF[1]_inst_i_6/O
                         net (fo=1, routed)           0.000     7.059    instanciaLatch/o_alu_output_OBUF[1]_inst_i_6_n_0
    SLICE_X0Y11          MUXF7 (Prop_muxf7_I0_O)      0.212     7.271 r  instanciaLatch/o_alu_output_OBUF[1]_inst_i_2/O
                         net (fo=1, routed)           0.943     8.214    instanciaLatch/o_alu_output_OBUF[1]_inst_i_2_n_0
    SLICE_X0Y14          LUT6 (Prop_lut6_I1_O)        0.299     8.513 r  instanciaLatch/o_alu_output_OBUF[1]_inst_i_1/O
                         net (fo=1, routed)           2.422    10.934    o_alu_output_OBUF[1]
    E19                  OBUF (Prop_obuf_I_O)         3.530    14.464 r  o_alu_output_OBUF[1]_inst/O
                         net (fo=0)                   0.000    14.464    o_alu_output[1]
    E19                                                               r  o_alu_output[1] (OUT)
  -------------------------------------------------------------------    -------------------

Slack:                    inf
  Source:                 instanciaLatch/reg_operandoB_reg[2]/C
                            (rising edge-triggered cell FDRE clocked by sys_clk_pin  {rise@0.000ns fall@5.000ns period=10.000ns})
  Destination:            o_alu_output[3]
                            (output port)
  Path Group:             (none)
  Path Type:              Max at Slow Process Corner
  Data Path Delay:        9.204ns  (logic 4.337ns (47.121%)  route 4.867ns (52.879%))
  Logic Levels:           4  (LUT2=1 LUT6=2 OBUF=1)
  Clock Uncertainty:      0.025ns  ((TSJ^2 + TIJ^2)^1/2 + DJ) / 2 + PE
    Total System Jitter     (TSJ):    0.050ns
    Total Input Jitter      (TIJ):    0.000ns
    Discrete Jitter          (DJ):    0.000ns
    Phase Error              (PE):    0.000ns

    Location             Delay type                Incr(ns)  Path(ns)    Netlist Resource(s)
  -------------------------------------------------------------------    -------------------
                         (clock sys_clk_pin rise edge)
                                                      0.000     0.000 r  
    W5                                                0.000     0.000 r  i_clk (IN)
                         net (fo=0)                   0.000     0.000    i_clk
    W5                   IBUF (Prop_ibuf_I_O)         1.458     1.458 r  i_clk_IBUF_inst/O
                         net (fo=1, routed)           1.967     3.425    i_clk_IBUF
    BUFGCTRL_X0Y0        BUFG (Prop_bufg_I_O)         0.096     3.521 r  i_clk_IBUF_BUFG_inst/O
                         net (fo=14, routed)          1.633     5.154    instanciaLatch/CLK
    SLICE_X1Y14          FDRE                                         r  instanciaLatch/reg_operandoB_reg[2]/C
  -------------------------------------------------------------------    -------------------
    SLICE_X1Y14          FDRE (Prop_fdre_C_Q)         0.456     5.610 f  instanciaLatch/reg_operandoB_reg[2]/Q
                         net (fo=9, routed)           1.494     7.105    instanciaLatch/o_operandoB[2]
    SLICE_X1Y12          LUT2 (Prop_lut2_I1_O)        0.124     7.229 r  instanciaLatch/o_alu_output_OBUF[3]_inst_i_8/O
                         net (fo=1, routed)           0.807     8.036    instanciaLatch/o_alu_output_OBUF[3]_inst_i_8_n_0
    SLICE_X1Y13          LUT6 (Prop_lut6_I0_O)        0.124     8.160 r  instanciaLatch/o_alu_output_OBUF[3]_inst_i_4/O
                         net (fo=1, routed)           0.714     8.874    instanciaLatch/o_alu_output_OBUF[3]_inst_i_4_n_0
    SLICE_X0Y13          LUT6 (Prop_lut6_I4_O)        0.124     8.998 r  instanciaLatch/o_alu_output_OBUF[3]_inst_i_1/O
                         net (fo=1, routed)           1.851    10.849    o_alu_output_OBUF[3]
    V19                  OBUF (Prop_obuf_I_O)         3.509    14.358 r  o_alu_output_OBUF[3]_inst/O
                         net (fo=0)                   0.000    14.358    o_alu_output[3]
    V19                                                               r  o_alu_output[3] (OUT)
  -------------------------------------------------------------------    -------------------

Slack:                    inf
  Source:                 instanciaLatch/reg_operandoB_reg[3]/C
                            (rising edge-triggered cell FDRE clocked by sys_clk_pin  {rise@0.000ns fall@5.000ns period=10.000ns})
  Destination:            o_alu_output[2]
                            (output port)
  Path Group:             (none)
  Path Type:              Max at Slow Process Corner
  Data Path Delay:        9.073ns  (logic 4.329ns (47.714%)  route 4.744ns (52.286%))
  Logic Levels:           4  (LUT5=1 LUT6=2 OBUF=1)
  Clock Uncertainty:      0.025ns  ((TSJ^2 + TIJ^2)^1/2 + DJ) / 2 + PE
    Total System Jitter     (TSJ):    0.050ns
    Total Input Jitter      (TIJ):    0.000ns
    Discrete Jitter          (DJ):    0.000ns
    Phase Error              (PE):    0.000ns

    Location             Delay type                Incr(ns)  Path(ns)    Netlist Resource(s)
  -------------------------------------------------------------------    -------------------
                         (clock sys_clk_pin rise edge)
                                                      0.000     0.000 r  
    W5                                                0.000     0.000 r  i_clk (IN)
                         net (fo=0)                   0.000     0.000    i_clk
    W5                   IBUF (Prop_ibuf_I_O)         1.458     1.458 r  i_clk_IBUF_inst/O
                         net (fo=1, routed)           1.967     3.425    i_clk_IBUF
    BUFGCTRL_X0Y0        BUFG (Prop_bufg_I_O)         0.096     3.521 r  i_clk_IBUF_BUFG_inst/O
                         net (fo=14, routed)          1.633     5.154    instanciaLatch/CLK
    SLICE_X1Y13          FDRE                                         r  instanciaLatch/reg_operandoB_reg[3]/C
  -------------------------------------------------------------------    -------------------
    SLICE_X1Y13          FDRE (Prop_fdre_C_Q)         0.456     5.610 f  instanciaLatch/reg_operandoB_reg[3]/Q
                         net (fo=6, routed)           1.130     6.740    instanciaLatch/o_operandoB[3]
    SLICE_X1Y13          LUT6 (Prop_lut6_I0_O)        0.124     6.864 f  instanciaLatch/o_alu_output_OBUF[2]_inst_i_5/O
                         net (fo=1, routed)           0.799     7.663    instanciaLatch/o_alu_output_OBUF[2]_inst_i_5_n_0
    SLICE_X1Y12          LUT5 (Prop_lut5_I0_O)        0.124     7.787 f  instanciaLatch/o_alu_output_OBUF[2]_inst_i_2/O
                         net (fo=1, routed)           0.948     8.735    instanciaLatch/o_alu_output_OBUF[2]_inst_i_2_n_0
    SLICE_X0Y12          LUT6 (Prop_lut6_I1_O)        0.124     8.859 r  instanciaLatch/o_alu_output_OBUF[2]_inst_i_1/O
                         net (fo=1, routed)           1.867    10.726    o_alu_output_OBUF[2]
    U19                  OBUF (Prop_obuf_I_O)         3.501    14.227 r  o_alu_output_OBUF[2]_inst/O
                         net (fo=0)                   0.000    14.227    o_alu_output[2]
    U19                                                               r  o_alu_output[2] (OUT)
  -------------------------------------------------------------------    -------------------

Slack:                    inf
  Source:                 instanciaLatch/reg_operandoB_reg[2]/C
                            (rising edge-triggered cell FDRE clocked by sys_clk_pin  {rise@0.000ns fall@5.000ns period=10.000ns})
  Destination:            o_alu_output[0]
                            (output port)
  Path Group:             (none)
  Path Type:              Max at Slow Process Corner
  Data Path Delay:        8.928ns  (logic 4.333ns (48.532%)  route 4.595ns (51.468%))
  Logic Levels:           4  (LUT2=1 LUT6=2 OBUF=1)
  Clock Uncertainty:      0.025ns  ((TSJ^2 + TIJ^2)^1/2 + DJ) / 2 + PE
    Total System Jitter     (TSJ):    0.050ns
    Total Input Jitter      (TIJ):    0.000ns
    Discrete Jitter          (DJ):    0.000ns
    Phase Error              (PE):    0.000ns

    Location             Delay type                Incr(ns)  Path(ns)    Netlist Resource(s)
  -------------------------------------------------------------------    -------------------
                         (clock sys_clk_pin rise edge)
                                                      0.000     0.000 r  
    W5                                                0.000     0.000 r  i_clk (IN)
                         net (fo=0)                   0.000     0.000    i_clk
    W5                   IBUF (Prop_ibuf_I_O)         1.458     1.458 r  i_clk_IBUF_inst/O
                         net (fo=1, routed)           1.967     3.425    i_clk_IBUF
    BUFGCTRL_X0Y0        BUFG (Prop_bufg_I_O)         0.096     3.521 r  i_clk_IBUF_BUFG_inst/O
                         net (fo=14, routed)          1.633     5.154    instanciaLatch/CLK
    SLICE_X1Y14          FDRE                                         r  instanciaLatch/reg_operandoB_reg[2]/C
  -------------------------------------------------------------------    -------------------
    SLICE_X1Y14          FDRE (Prop_fdre_C_Q)         0.456     5.610 f  instanciaLatch/reg_operandoB_reg[2]/Q
                         net (fo=9, routed)           0.930     6.541    instanciaLatch/o_operandoB[2]
    SLICE_X1Y14          LUT2 (Prop_lut2_I0_O)        0.124     6.665 r  instanciaLatch/o_alu_output_OBUF[3]_inst_i_6/O
                         net (fo=4, routed)           0.676     7.340    instanciaLatch/o_alu_output_OBUF[3]_inst_i_6_n_0
    SLICE_X1Y14          LUT6 (Prop_lut6_I3_O)        0.124     7.464 f  instanciaLatch/o_alu_output_OBUF[0]_inst_i_2/O
                         net (fo=1, routed)           1.071     8.536    instanciaLatch/o_alu_output_OBUF[0]_inst_i_2_n_0
    SLICE_X1Y12          LUT6 (Prop_lut6_I4_O)        0.124     8.660 r  instanciaLatch/o_alu_output_OBUF[0]_inst_i_1/O
                         net (fo=1, routed)           1.917    10.577    o_alu_output_OBUF[0]
    U16                  OBUF (Prop_obuf_I_O)         3.505    14.082 r  o_alu_output_OBUF[0]_inst/O
                         net (fo=0)                   0.000    14.082    o_alu_output[0]
    U16                                                               r  o_alu_output[0] (OUT)
  -------------------------------------------------------------------    -------------------





Min Delay Paths
--------------------------------------------------------------------------------------
Slack:                    inf
  Source:                 instanciaLatch/reg_opcode_reg[5]/C
                            (rising edge-triggered cell FDRE clocked by sys_clk_pin  {rise@0.000ns fall@5.000ns period=10.000ns})
  Destination:            o_alu_output[2]
                            (output port)
  Path Group:             (none)
  Path Type:              Min at Fast Process Corner
  Data Path Delay:        1.945ns  (logic 1.429ns (73.489%)  route 0.516ns (26.511%))
  Logic Levels:           2  (LUT6=1 OBUF=1)
  Clock Uncertainty:      0.025ns  ((TSJ^2 + TIJ^2)^1/2 + DJ) / 2 + PE
    Total System Jitter     (TSJ):    0.050ns
    Total Input Jitter      (TIJ):    0.000ns
    Discrete Jitter          (DJ):    0.000ns
    Phase Error              (PE):    0.000ns

    Location             Delay type                Incr(ns)  Path(ns)    Netlist Resource(s)
  -------------------------------------------------------------------    -------------------
                         (clock sys_clk_pin rise edge)
                                                      0.000     0.000 r  
    W5                                                0.000     0.000 r  i_clk (IN)
                         net (fo=0)                   0.000     0.000    i_clk
    W5                   IBUF (Prop_ibuf_I_O)         0.226     0.226 r  i_clk_IBUF_inst/O
                         net (fo=1, routed)           0.631     0.858    i_clk_IBUF
    BUFGCTRL_X0Y0        BUFG (Prop_bufg_I_O)         0.026     0.884 r  i_clk_IBUF_BUFG_inst/O
                         net (fo=14, routed)          0.592     1.475    instanciaLatch/CLK
    SLICE_X0Y12          FDRE                                         r  instanciaLatch/reg_opcode_reg[5]/C
  -------------------------------------------------------------------    -------------------
    SLICE_X0Y12          FDRE (Prop_fdre_C_Q)         0.128     1.603 r  instanciaLatch/reg_opcode_reg[5]/Q
                         net (fo=6, routed)           0.091     1.694    instanciaLatch/reg_opcode[5]
    SLICE_X0Y12          LUT6 (Prop_lut6_I2_O)        0.099     1.793 r  instanciaLatch/o_alu_output_OBUF[2]_inst_i_1/O
                         net (fo=1, routed)           0.425     2.218    o_alu_output_OBUF[2]
    U19                  OBUF (Prop_obuf_I_O)         1.202     3.420 r  o_alu_output_OBUF[2]_inst/O
                         net (fo=0)                   0.000     3.420    o_alu_output[2]
    U19                                                               r  o_alu_output[2] (OUT)
  -------------------------------------------------------------------    -------------------

Slack:                    inf
  Source:                 instanciaLatch/reg_opcode_reg[1]/C
                            (rising edge-triggered cell FDRE clocked by sys_clk_pin  {rise@0.000ns fall@5.000ns period=10.000ns})
  Destination:            o_alu_output[0]
                            (output port)
  Path Group:             (none)
  Path Type:              Min at Fast Process Corner
  Data Path Delay:        2.018ns  (logic 1.392ns (68.986%)  route 0.626ns (31.014%))
  Logic Levels:           2  (LUT6=1 OBUF=1)
  Clock Uncertainty:      0.025ns  ((TSJ^2 + TIJ^2)^1/2 + DJ) / 2 + PE
    Total System Jitter     (TSJ):    0.050ns
    Total Input Jitter      (TIJ):    0.000ns
    Discrete Jitter          (DJ):    0.000ns
    Phase Error              (PE):    0.000ns

    Location             Delay type                Incr(ns)  Path(ns)    Netlist Resource(s)
  -------------------------------------------------------------------    -------------------
                         (clock sys_clk_pin rise edge)
                                                      0.000     0.000 r  
    W5                                                0.000     0.000 r  i_clk (IN)
                         net (fo=0)                   0.000     0.000    i_clk
    W5                   IBUF (Prop_ibuf_I_O)         0.226     0.226 r  i_clk_IBUF_inst/O
                         net (fo=1, routed)           0.631     0.858    i_clk_IBUF
    BUFGCTRL_X0Y0        BUFG (Prop_bufg_I_O)         0.026     0.884 r  i_clk_IBUF_BUFG_inst/O
                         net (fo=14, routed)          0.592     1.475    instanciaLatch/CLK
    SLICE_X0Y12          FDRE                                         r  instanciaLatch/reg_opcode_reg[1]/C
  -------------------------------------------------------------------    -------------------
    SLICE_X0Y12          FDRE (Prop_fdre_C_Q)         0.141     1.616 r  instanciaLatch/reg_opcode_reg[1]/Q
                         net (fo=7, routed)           0.182     1.799    instanciaLatch/reg_opcode[1]
    SLICE_X1Y12          LUT6 (Prop_lut6_I2_O)        0.045     1.844 r  instanciaLatch/o_alu_output_OBUF[0]_inst_i_1/O
                         net (fo=1, routed)           0.443     2.287    o_alu_output_OBUF[0]
    U16                  OBUF (Prop_obuf_I_O)         1.206     3.493 r  o_alu_output_OBUF[0]_inst/O
                         net (fo=0)                   0.000     3.493    o_alu_output[0]
    U16                                                               r  o_alu_output[0] (OUT)
  -------------------------------------------------------------------    -------------------

Slack:                    inf
  Source:                 instanciaLatch/reg_opcode_reg[5]/C
                            (rising edge-triggered cell FDRE clocked by sys_clk_pin  {rise@0.000ns fall@5.000ns period=10.000ns})
  Destination:            o_alu_output[3]
                            (output port)
  Path Group:             (none)
  Path Type:              Min at Fast Process Corner
  Data Path Delay:        2.062ns  (logic 1.437ns (69.695%)  route 0.625ns (30.305%))
  Logic Levels:           2  (LUT6=1 OBUF=1)
  Clock Uncertainty:      0.025ns  ((TSJ^2 + TIJ^2)^1/2 + DJ) / 2 + PE
    Total System Jitter     (TSJ):    0.050ns
    Total Input Jitter      (TIJ):    0.000ns
    Discrete Jitter          (DJ):    0.000ns
    Phase Error              (PE):    0.000ns

    Location             Delay type                Incr(ns)  Path(ns)    Netlist Resource(s)
  -------------------------------------------------------------------    -------------------
                         (clock sys_clk_pin rise edge)
                                                      0.000     0.000 r  
    W5                                                0.000     0.000 r  i_clk (IN)
                         net (fo=0)                   0.000     0.000    i_clk
    W5                   IBUF (Prop_ibuf_I_O)         0.226     0.226 r  i_clk_IBUF_inst/O
                         net (fo=1, routed)           0.631     0.858    i_clk_IBUF
    BUFGCTRL_X0Y0        BUFG (Prop_bufg_I_O)         0.026     0.884 r  i_clk_IBUF_BUFG_inst/O
                         net (fo=14, routed)          0.592     1.475    instanciaLatch/CLK
    SLICE_X0Y12          FDRE                                         r  instanciaLatch/reg_opcode_reg[5]/C
  -------------------------------------------------------------------    -------------------
    SLICE_X0Y12          FDRE (Prop_fdre_C_Q)         0.128     1.603 r  instanciaLatch/reg_opcode_reg[5]/Q
                         net (fo=6, routed)           0.214     1.817    instanciaLatch/reg_opcode[5]
    SLICE_X0Y13          LUT6 (Prop_lut6_I2_O)        0.099     1.916 r  instanciaLatch/o_alu_output_OBUF[3]_inst_i_1/O
                         net (fo=1, routed)           0.411     2.327    o_alu_output_OBUF[3]
    V19                  OBUF (Prop_obuf_I_O)         1.210     3.537 r  o_alu_output_OBUF[3]_inst/O
                         net (fo=0)                   0.000     3.537    o_alu_output[3]
    V19                                                               r  o_alu_output[3] (OUT)
  -------------------------------------------------------------------    -------------------

Slack:                    inf
  Source:                 instanciaLatch/reg_operandoA_reg[3]/C
                            (rising edge-triggered cell FDRE clocked by sys_clk_pin  {rise@0.000ns fall@5.000ns period=10.000ns})
  Destination:            o_alu_output[1]
                            (output port)
  Path Group:             (none)
  Path Type:              Min at Fast Process Corner
  Data Path Delay:        2.315ns  (logic 1.462ns (63.124%)  route 0.854ns (36.876%))
  Logic Levels:           3  (LUT6=2 OBUF=1)
  Clock Uncertainty:      0.025ns  ((TSJ^2 + TIJ^2)^1/2 + DJ) / 2 + PE
    Total System Jitter     (TSJ):    0.050ns
    Total Input Jitter      (TIJ):    0.000ns
    Discrete Jitter          (DJ):    0.000ns
    Phase Error              (PE):    0.000ns

    Location             Delay type                Incr(ns)  Path(ns)    Netlist Resource(s)
  -------------------------------------------------------------------    -------------------
                         (clock sys_clk_pin rise edge)
                                                      0.000     0.000 r  
    W5                                                0.000     0.000 r  i_clk (IN)
                         net (fo=0)                   0.000     0.000    i_clk
    W5                   IBUF (Prop_ibuf_I_O)         0.226     0.226 r  i_clk_IBUF_inst/O
                         net (fo=1, routed)           0.631     0.858    i_clk_IBUF
    BUFGCTRL_X0Y0        BUFG (Prop_bufg_I_O)         0.026     0.884 r  i_clk_IBUF_BUFG_inst/O
                         net (fo=14, routed)          0.591     1.474    instanciaLatch/CLK
    SLICE_X0Y13          FDRE                                         r  instanciaLatch/reg_operandoA_reg[3]/C
  -------------------------------------------------------------------    -------------------
    SLICE_X0Y13          FDRE (Prop_fdre_C_Q)         0.141     1.615 r  instanciaLatch/reg_operandoA_reg[3]/Q
                         net (fo=9, routed)           0.166     1.781    instanciaLatch/o_operandoA[3]
    SLICE_X0Y14          LUT6 (Prop_lut6_I3_O)        0.045     1.826 r  instanciaLatch/o_alu_output_OBUF[1]_inst_i_4/O
                         net (fo=1, routed)           0.059     1.884    instanciaLatch/o_alu_output_OBUF[1]_inst_i_4_n_0
    SLICE_X0Y14          LUT6 (Prop_lut6_I4_O)        0.045     1.929 r  instanciaLatch/o_alu_output_OBUF[1]_inst_i_1/O
                         net (fo=1, routed)           0.630     2.559    o_alu_output_OBUF[1]
    E19                  OBUF (Prop_obuf_I_O)         1.231     3.790 r  o_alu_output_OBUF[1]_inst/O
                         net (fo=0)                   0.000     3.790    o_alu_output[1]
    E19                                                               r  o_alu_output[1] (OUT)
  -------------------------------------------------------------------    -------------------





--------------------------------------------------------------------------------------
Path Group:  (none)
From Clock:  
  To Clock:  sys_clk_pin

Max Delay            42 Endpoints
Min Delay            42 Endpoints
--------------------------------------------------------------------------------------


Max Delay Paths
--------------------------------------------------------------------------------------
Slack:                    inf
  Source:                 i_switches[2]
                            (input port)
  Destination:            instanciaLatch/reg_opcode_reg[2]/D
                            (rising edge-triggered cell FDRE clocked by sys_clk_pin  {rise@0.000ns fall@5.000ns period=10.000ns})
  Path Group:             (none)
  Path Type:              Setup (Max at Slow Process Corner)
  Data Path Delay:        2.799ns  (logic 1.464ns (52.295%)  route 1.335ns (47.705%))
  Logic Levels:           1  (IBUF=1)
  Clock Path Skew:        4.855ns (DCD - SCD + CPR)
    Destination Clock Delay (DCD):    4.855ns
    Source Clock Delay      (SCD):    0.000ns
    Clock Pessimism Removal (CPR):    0.000ns
  Clock Uncertainty:      0.025ns  ((TSJ^2 + TIJ^2)^1/2 + DJ) / 2 + PE
    Total System Jitter     (TSJ):    0.050ns
    Total Input Jitter      (TIJ):    0.000ns
    Discrete Jitter          (DJ):    0.000ns
    Phase Error              (PE):    0.000ns

    Location             Delay type                Incr(ns)  Path(ns)    Netlist Resource(s)
  -------------------------------------------------------------------    -------------------
    W16                                               0.000     0.000 r  i_switches[2] (IN)
                         net (fo=0)                   0.000     0.000    i_switches[2]
    W16                  IBUF (Prop_ibuf_I_O)         1.464     1.464 r  i_switches_IBUF[2]_inst/O
                         net (fo=3, routed)           1.335     2.799    instanciaLatch/D[2]
    SLICE_X0Y14          FDRE                                         r  instanciaLatch/reg_opcode_reg[2]/D
  -------------------------------------------------------------------    -------------------

                         (clock sys_clk_pin rise edge)
                                                      0.000     0.000 r  
    W5                                                0.000     0.000 r  i_clk (IN)
                         net (fo=0)                   0.000     0.000    i_clk
    W5                   IBUF (Prop_ibuf_I_O)         1.388     1.388 r  i_clk_IBUF_inst/O
                         net (fo=1, routed)           1.862     3.250    i_clk_IBUF
    BUFGCTRL_X0Y0        BUFG (Prop_bufg_I_O)         0.091     3.341 r  i_clk_IBUF_BUFG_inst/O
                         net (fo=14, routed)          1.514     4.855    instanciaLatch/CLK
    SLICE_X0Y14          FDRE                                         r  instanciaLatch/reg_opcode_reg[2]/C

Slack:                    inf
  Source:                 i_boton2
                            (input port)
  Destination:            instanciaLatch/reg_operandoB_reg[0]/CE
                            (rising edge-triggered cell FDRE clocked by sys_clk_pin  {rise@0.000ns fall@5.000ns period=10.000ns})
  Path Group:             (none)
  Path Type:              Setup (Max at Slow Process Corner)
  Data Path Delay:        2.796ns  (logic 1.451ns (51.901%)  route 1.345ns (48.099%))
  Logic Levels:           1  (IBUF=1)
  Clock Path Skew:        4.856ns (DCD - SCD + CPR)
    Destination Clock Delay (DCD):    4.856ns
    Source Clock Delay      (SCD):    0.000ns
    Clock Pessimism Removal (CPR):    0.000ns
  Clock Uncertainty:      0.025ns  ((TSJ^2 + TIJ^2)^1/2 + DJ) / 2 + PE
    Total System Jitter     (TSJ):    0.050ns
    Total Input Jitter      (TIJ):    0.000ns
    Discrete Jitter          (DJ):    0.000ns
    Phase Error              (PE):    0.000ns

    Location             Delay type                Incr(ns)  Path(ns)    Netlist Resource(s)
  -------------------------------------------------------------------    -------------------
    T17                                               0.000     0.000 r  i_boton2 (IN)
                         net (fo=0)                   0.000     0.000    i_boton2
    T17                  IBUF (Prop_ibuf_I_O)         1.451     1.451 r  i_boton2_IBUF_inst/O
                         net (fo=4, routed)           1.345     2.796    instanciaLatch/E[0]
    SLICE_X1Y12          FDRE                                         r  instanciaLatch/reg_operandoB_reg[0]/CE
  -------------------------------------------------------------------    -------------------

                         (clock sys_clk_pin rise edge)
                                                      0.000     0.000 r  
    W5                                                0.000     0.000 r  i_clk (IN)
                         net (fo=0)                   0.000     0.000    i_clk
    W5                   IBUF (Prop_ibuf_I_O)         1.388     1.388 r  i_clk_IBUF_inst/O
                         net (fo=1, routed)           1.862     3.250    i_clk_IBUF
    BUFGCTRL_X0Y0        BUFG (Prop_bufg_I_O)         0.091     3.341 r  i_clk_IBUF_BUFG_inst/O
                         net (fo=14, routed)          1.515     4.856    instanciaLatch/CLK
    SLICE_X1Y12          FDRE                                         r  instanciaLatch/reg_operandoB_reg[0]/C

Slack:                    inf
  Source:                 i_boton2
                            (input port)
  Destination:            instanciaLatch/reg_operandoB_reg[1]/CE
                            (rising edge-triggered cell FDRE clocked by sys_clk_pin  {rise@0.000ns fall@5.000ns period=10.000ns})
  Path Group:             (none)
  Path Type:              Setup (Max at Slow Process Corner)
  Data Path Delay:        2.796ns  (logic 1.451ns (51.901%)  route 1.345ns (48.099%))
  Logic Levels:           1  (IBUF=1)
  Clock Path Skew:        4.856ns (DCD - SCD + CPR)
    Destination Clock Delay (DCD):    4.856ns
    Source Clock Delay      (SCD):    0.000ns
    Clock Pessimism Removal (CPR):    0.000ns
  Clock Uncertainty:      0.025ns  ((TSJ^2 + TIJ^2)^1/2 + DJ) / 2 + PE
    Total System Jitter     (TSJ):    0.050ns
    Total Input Jitter      (TIJ):    0.000ns
    Discrete Jitter          (DJ):    0.000ns
    Phase Error              (PE):    0.000ns

    Location             Delay type                Incr(ns)  Path(ns)    Netlist Resource(s)
  -------------------------------------------------------------------    -------------------
    T17                                               0.000     0.000 r  i_boton2 (IN)
                         net (fo=0)                   0.000     0.000    i_boton2
    T17                  IBUF (Prop_ibuf_I_O)         1.451     1.451 r  i_boton2_IBUF_inst/O
                         net (fo=4, routed)           1.345     2.796    instanciaLatch/E[0]
    SLICE_X1Y12          FDRE                                         r  instanciaLatch/reg_operandoB_reg[1]/CE
  -------------------------------------------------------------------    -------------------

                         (clock sys_clk_pin rise edge)
                                                      0.000     0.000 r  
    W5                                                0.000     0.000 r  i_clk (IN)
                         net (fo=0)                   0.000     0.000    i_clk
    W5                   IBUF (Prop_ibuf_I_O)         1.388     1.388 r  i_clk_IBUF_inst/O
                         net (fo=1, routed)           1.862     3.250    i_clk_IBUF
    BUFGCTRL_X0Y0        BUFG (Prop_bufg_I_O)         0.091     3.341 r  i_clk_IBUF_BUFG_inst/O
                         net (fo=14, routed)          1.515     4.856    instanciaLatch/CLK
    SLICE_X1Y12          FDRE                                         r  instanciaLatch/reg_operandoB_reg[1]/C

Slack:                    inf
  Source:                 i_boton2
                            (input port)
  Destination:            instanciaLatch/reg_operandoB_reg[3]/CE
                            (rising edge-triggered cell FDRE clocked by sys_clk_pin  {rise@0.000ns fall@5.000ns period=10.000ns})
  Path Group:             (none)
  Path Type:              Setup (Max at Slow Process Corner)
  Data Path Delay:        2.656ns  (logic 1.451ns (54.634%)  route 1.205ns (45.366%))
  Logic Levels:           1  (IBUF=1)
  Clock Path Skew:        4.855ns (DCD - SCD + CPR)
    Destination Clock Delay (DCD):    4.855ns
    Source Clock Delay      (SCD):    0.000ns
    Clock Pessimism Removal (CPR):    0.000ns
  Clock Uncertainty:      0.025ns  ((TSJ^2 + TIJ^2)^1/2 + DJ) / 2 + PE
    Total System Jitter     (TSJ):    0.050ns
    Total Input Jitter      (TIJ):    0.000ns
    Discrete Jitter          (DJ):    0.000ns
    Phase Error              (PE):    0.000ns

    Location             Delay type                Incr(ns)  Path(ns)    Netlist Resource(s)
  -------------------------------------------------------------------    -------------------
    T17                                               0.000     0.000 r  i_boton2 (IN)
                         net (fo=0)                   0.000     0.000    i_boton2
    T17                  IBUF (Prop_ibuf_I_O)         1.451     1.451 r  i_boton2_IBUF_inst/O
                         net (fo=4, routed)           1.205     2.656    instanciaLatch/E[0]
    SLICE_X1Y13          FDRE                                         r  instanciaLatch/reg_operandoB_reg[3]/CE
  -------------------------------------------------------------------    -------------------

                         (clock sys_clk_pin rise edge)
                                                      0.000     0.000 r  
    W5                                                0.000     0.000 r  i_clk (IN)
                         net (fo=0)                   0.000     0.000    i_clk
    W5                   IBUF (Prop_ibuf_I_O)         1.388     1.388 r  i_clk_IBUF_inst/O
                         net (fo=1, routed)           1.862     3.250    i_clk_IBUF
    BUFGCTRL_X0Y0        BUFG (Prop_bufg_I_O)         0.091     3.341 r  i_clk_IBUF_BUFG_inst/O
                         net (fo=14, routed)          1.514     4.855    instanciaLatch/CLK
    SLICE_X1Y13          FDRE                                         r  instanciaLatch/reg_operandoB_reg[3]/C

Slack:                    inf
  Source:                 i_boton3
                            (input port)
  Destination:            instanciaLatch/reg_opcode_reg[0]/CE
                            (rising edge-triggered cell FDRE clocked by sys_clk_pin  {rise@0.000ns fall@5.000ns period=10.000ns})
  Path Group:             (none)
  Path Type:              Setup (Max at Slow Process Corner)
  Data Path Delay:        2.634ns  (logic 1.454ns (55.185%)  route 1.181ns (44.815%))
  Logic Levels:           1  (IBUF=1)
  Clock Path Skew:        4.856ns (DCD - SCD + CPR)
    Destination Clock Delay (DCD):    4.856ns
    Source Clock Delay      (SCD):    0.000ns
    Clock Pessimism Removal (CPR):    0.000ns
  Clock Uncertainty:      0.025ns  ((TSJ^2 + TIJ^2)^1/2 + DJ) / 2 + PE
    Total System Jitter     (TSJ):    0.050ns
    Total Input Jitter      (TIJ):    0.000ns
    Discrete Jitter          (DJ):    0.000ns
    Phase Error              (PE):    0.000ns

    Location             Delay type                Incr(ns)  Path(ns)    Netlist Resource(s)
  -------------------------------------------------------------------    -------------------
    T18                                               0.000     0.000 r  i_boton3 (IN)
                         net (fo=0)                   0.000     0.000    i_boton3
    T18                  IBUF (Prop_ibuf_I_O)         1.454     1.454 r  i_boton3_IBUF_inst/O
                         net (fo=6, routed)           1.181     2.634    instanciaLatch/reg_opcode_reg[0]_0[0]
    SLICE_X0Y12          FDRE                                         r  instanciaLatch/reg_opcode_reg[0]/CE
  -------------------------------------------------------------------    -------------------

                         (clock sys_clk_pin rise edge)
                                                      0.000     0.000 r  
    W5                                                0.000     0.000 r  i_clk (IN)
                         net (fo=0)                   0.000     0.000    i_clk
    W5                   IBUF (Prop_ibuf_I_O)         1.388     1.388 r  i_clk_IBUF_inst/O
                         net (fo=1, routed)           1.862     3.250    i_clk_IBUF
    BUFGCTRL_X0Y0        BUFG (Prop_bufg_I_O)         0.091     3.341 r  i_clk_IBUF_BUFG_inst/O
                         net (fo=14, routed)          1.515     4.856    instanciaLatch/CLK
    SLICE_X0Y12          FDRE                                         r  instanciaLatch/reg_opcode_reg[0]/C

Slack:                    inf
  Source:                 i_boton3
                            (input port)
  Destination:            instanciaLatch/reg_opcode_reg[1]/CE
                            (rising edge-triggered cell FDRE clocked by sys_clk_pin  {rise@0.000ns fall@5.000ns period=10.000ns})
  Path Group:             (none)
  Path Type:              Setup (Max at Slow Process Corner)
  Data Path Delay:        2.634ns  (logic 1.454ns (55.185%)  route 1.181ns (44.815%))
  Logic Levels:           1  (IBUF=1)
  Clock Path Skew:        4.856ns (DCD - SCD + CPR)
    Destination Clock Delay (DCD):    4.856ns
    Source Clock Delay      (SCD):    0.000ns
    Clock Pessimism Removal (CPR):    0.000ns
  Clock Uncertainty:      0.025ns  ((TSJ^2 + TIJ^2)^1/2 + DJ) / 2 + PE
    Total System Jitter     (TSJ):    0.050ns
    Total Input Jitter      (TIJ):    0.000ns
    Discrete Jitter          (DJ):    0.000ns
    Phase Error              (PE):    0.000ns

    Location             Delay type                Incr(ns)  Path(ns)    Netlist Resource(s)
  -------------------------------------------------------------------    -------------------
    T18                                               0.000     0.000 r  i_boton3 (IN)
                         net (fo=0)                   0.000     0.000    i_boton3
    T18                  IBUF (Prop_ibuf_I_O)         1.454     1.454 r  i_boton3_IBUF_inst/O
                         net (fo=6, routed)           1.181     2.634    instanciaLatch/reg_opcode_reg[0]_0[0]
    SLICE_X0Y12          FDRE                                         r  instanciaLatch/reg_opcode_reg[1]/CE
  -------------------------------------------------------------------    -------------------

                         (clock sys_clk_pin rise edge)
                                                      0.000     0.000 r  
    W5                                                0.000     0.000 r  i_clk (IN)
                         net (fo=0)                   0.000     0.000    i_clk
    W5                   IBUF (Prop_ibuf_I_O)         1.388     1.388 r  i_clk_IBUF_inst/O
                         net (fo=1, routed)           1.862     3.250    i_clk_IBUF
    BUFGCTRL_X0Y0        BUFG (Prop_bufg_I_O)         0.091     3.341 r  i_clk_IBUF_BUFG_inst/O
                         net (fo=14, routed)          1.515     4.856    instanciaLatch/CLK
    SLICE_X0Y12          FDRE                                         r  instanciaLatch/reg_opcode_reg[1]/C

Slack:                    inf
  Source:                 i_boton3
                            (input port)
  Destination:            instanciaLatch/reg_opcode_reg[3]/CE
                            (rising edge-triggered cell FDRE clocked by sys_clk_pin  {rise@0.000ns fall@5.000ns period=10.000ns})
  Path Group:             (none)
  Path Type:              Setup (Max at Slow Process Corner)
  Data Path Delay:        2.634ns  (logic 1.454ns (55.185%)  route 1.181ns (44.815%))
  Logic Levels:           1  (IBUF=1)
  Clock Path Skew:        4.856ns (DCD - SCD + CPR)
    Destination Clock Delay (DCD):    4.856ns
    Source Clock Delay      (SCD):    0.000ns
    Clock Pessimism Removal (CPR):    0.000ns
  Clock Uncertainty:      0.025ns  ((TSJ^2 + TIJ^2)^1/2 + DJ) / 2 + PE
    Total System Jitter     (TSJ):    0.050ns
    Total Input Jitter      (TIJ):    0.000ns
    Discrete Jitter          (DJ):    0.000ns
    Phase Error              (PE):    0.000ns

    Location             Delay type                Incr(ns)  Path(ns)    Netlist Resource(s)
  -------------------------------------------------------------------    -------------------
    T18                                               0.000     0.000 r  i_boton3 (IN)
                         net (fo=0)                   0.000     0.000    i_boton3
    T18                  IBUF (Prop_ibuf_I_O)         1.454     1.454 r  i_boton3_IBUF_inst/O
                         net (fo=6, routed)           1.181     2.634    instanciaLatch/reg_opcode_reg[0]_0[0]
    SLICE_X0Y12          FDRE                                         r  instanciaLatch/reg_opcode_reg[3]/CE
  -------------------------------------------------------------------    -------------------

                         (clock sys_clk_pin rise edge)
                                                      0.000     0.000 r  
    W5                                                0.000     0.000 r  i_clk (IN)
                         net (fo=0)                   0.000     0.000    i_clk
    W5                   IBUF (Prop_ibuf_I_O)         1.388     1.388 r  i_clk_IBUF_inst/O
                         net (fo=1, routed)           1.862     3.250    i_clk_IBUF
    BUFGCTRL_X0Y0        BUFG (Prop_bufg_I_O)         0.091     3.341 r  i_clk_IBUF_BUFG_inst/O
                         net (fo=14, routed)          1.515     4.856    instanciaLatch/CLK
    SLICE_X0Y12          FDRE                                         r  instanciaLatch/reg_opcode_reg[3]/C

Slack:                    inf
  Source:                 i_boton3
                            (input port)
  Destination:            instanciaLatch/reg_opcode_reg[4]/CE
                            (rising edge-triggered cell FDRE clocked by sys_clk_pin  {rise@0.000ns fall@5.000ns period=10.000ns})
  Path Group:             (none)
  Path Type:              Setup (Max at Slow Process Corner)
  Data Path Delay:        2.634ns  (logic 1.454ns (55.185%)  route 1.181ns (44.815%))
  Logic Levels:           1  (IBUF=1)
  Clock Path Skew:        4.856ns (DCD - SCD + CPR)
    Destination Clock Delay (DCD):    4.856ns
    Source Clock Delay      (SCD):    0.000ns
    Clock Pessimism Removal (CPR):    0.000ns
  Clock Uncertainty:      0.025ns  ((TSJ^2 + TIJ^2)^1/2 + DJ) / 2 + PE
    Total System Jitter     (TSJ):    0.050ns
    Total Input Jitter      (TIJ):    0.000ns
    Discrete Jitter          (DJ):    0.000ns
    Phase Error              (PE):    0.000ns

    Location             Delay type                Incr(ns)  Path(ns)    Netlist Resource(s)
  -------------------------------------------------------------------    -------------------
    T18                                               0.000     0.000 r  i_boton3 (IN)
                         net (fo=0)                   0.000     0.000    i_boton3
    T18                  IBUF (Prop_ibuf_I_O)         1.454     1.454 r  i_boton3_IBUF_inst/O
                         net (fo=6, routed)           1.181     2.634    instanciaLatch/reg_opcode_reg[0]_0[0]
    SLICE_X0Y12          FDRE                                         r  instanciaLatch/reg_opcode_reg[4]/CE
  -------------------------------------------------------------------    -------------------

                         (clock sys_clk_pin rise edge)
                                                      0.000     0.000 r  
    W5                                                0.000     0.000 r  i_clk (IN)
                         net (fo=0)                   0.000     0.000    i_clk
    W5                   IBUF (Prop_ibuf_I_O)         1.388     1.388 r  i_clk_IBUF_inst/O
                         net (fo=1, routed)           1.862     3.250    i_clk_IBUF
    BUFGCTRL_X0Y0        BUFG (Prop_bufg_I_O)         0.091     3.341 r  i_clk_IBUF_BUFG_inst/O
                         net (fo=14, routed)          1.515     4.856    instanciaLatch/CLK
    SLICE_X0Y12          FDRE                                         r  instanciaLatch/reg_opcode_reg[4]/C

Slack:                    inf
  Source:                 i_boton3
                            (input port)
  Destination:            instanciaLatch/reg_opcode_reg[5]/CE
                            (rising edge-triggered cell FDRE clocked by sys_clk_pin  {rise@0.000ns fall@5.000ns period=10.000ns})
  Path Group:             (none)
  Path Type:              Setup (Max at Slow Process Corner)
  Data Path Delay:        2.634ns  (logic 1.454ns (55.185%)  route 1.181ns (44.815%))
  Logic Levels:           1  (IBUF=1)
  Clock Path Skew:        4.856ns (DCD - SCD + CPR)
    Destination Clock Delay (DCD):    4.856ns
    Source Clock Delay      (SCD):    0.000ns
    Clock Pessimism Removal (CPR):    0.000ns
  Clock Uncertainty:      0.025ns  ((TSJ^2 + TIJ^2)^1/2 + DJ) / 2 + PE
    Total System Jitter     (TSJ):    0.050ns
    Total Input Jitter      (TIJ):    0.000ns
    Discrete Jitter          (DJ):    0.000ns
    Phase Error              (PE):    0.000ns

    Location             Delay type                Incr(ns)  Path(ns)    Netlist Resource(s)
  -------------------------------------------------------------------    -------------------
    T18                                               0.000     0.000 r  i_boton3 (IN)
                         net (fo=0)                   0.000     0.000    i_boton3
    T18                  IBUF (Prop_ibuf_I_O)         1.454     1.454 r  i_boton3_IBUF_inst/O
                         net (fo=6, routed)           1.181     2.634    instanciaLatch/reg_opcode_reg[0]_0[0]
    SLICE_X0Y12          FDRE                                         r  instanciaLatch/reg_opcode_reg[5]/CE
  -------------------------------------------------------------------    -------------------

                         (clock sys_clk_pin rise edge)
                                                      0.000     0.000 r  
    W5                                                0.000     0.000 r  i_clk (IN)
                         net (fo=0)                   0.000     0.000    i_clk
    W5                   IBUF (Prop_ibuf_I_O)         1.388     1.388 r  i_clk_IBUF_inst/O
                         net (fo=1, routed)           1.862     3.250    i_clk_IBUF
    BUFGCTRL_X0Y0        BUFG (Prop_bufg_I_O)         0.091     3.341 r  i_clk_IBUF_BUFG_inst/O
                         net (fo=14, routed)          1.515     4.856    instanciaLatch/CLK
    SLICE_X0Y12          FDRE                                         r  instanciaLatch/reg_opcode_reg[5]/C

Slack:                    inf
  Source:                 i_switches[0]
                            (input port)
  Destination:            instanciaLatch/reg_opcode_reg[0]/D
                            (rising edge-triggered cell FDRE clocked by sys_clk_pin  {rise@0.000ns fall@5.000ns period=10.000ns})
  Path Group:             (none)
  Path Type:              Setup (Max at Slow Process Corner)
  Data Path Delay:        2.623ns  (logic 1.453ns (55.397%)  route 1.170ns (44.603%))
  Logic Levels:           1  (IBUF=1)
  Clock Path Skew:        4.856ns (DCD - SCD + CPR)
    Destination Clock Delay (DCD):    4.856ns
    Source Clock Delay      (SCD):    0.000ns
    Clock Pessimism Removal (CPR):    0.000ns
  Clock Uncertainty:      0.025ns  ((TSJ^2 + TIJ^2)^1/2 + DJ) / 2 + PE
    Total System Jitter     (TSJ):    0.050ns
    Total Input Jitter      (TIJ):    0.000ns
    Discrete Jitter          (DJ):    0.000ns
    Phase Error              (PE):    0.000ns

    Location             Delay type                Incr(ns)  Path(ns)    Netlist Resource(s)
  -------------------------------------------------------------------    -------------------
    V17                                               0.000     0.000 r  i_switches[0] (IN)
                         net (fo=0)                   0.000     0.000    i_switches[0]
    V17                  IBUF (Prop_ibuf_I_O)         1.453     1.453 r  i_switches_IBUF[0]_inst/O
                         net (fo=3, routed)           1.170     2.623    instanciaLatch/D[0]
    SLICE_X0Y12          FDRE                                         r  instanciaLatch/reg_opcode_reg[0]/D
  -------------------------------------------------------------------    -------------------

                         (clock sys_clk_pin rise edge)
                                                      0.000     0.000 r  
    W5                                                0.000     0.000 r  i_clk (IN)
                         net (fo=0)                   0.000     0.000    i_clk
    W5                   IBUF (Prop_ibuf_I_O)         1.388     1.388 r  i_clk_IBUF_inst/O
                         net (fo=1, routed)           1.862     3.250    i_clk_IBUF
    BUFGCTRL_X0Y0        BUFG (Prop_bufg_I_O)         0.091     3.341 r  i_clk_IBUF_BUFG_inst/O
                         net (fo=14, routed)          1.515     4.856    instanciaLatch/CLK
    SLICE_X0Y12          FDRE                                         r  instanciaLatch/reg_opcode_reg[0]/C





Min Delay Paths
--------------------------------------------------------------------------------------
Slack:                    inf
  Source:                 i_boton3
                            (input port)
  Destination:            instanciaLatch/reg_opcode_reg[2]/CE
                            (rising edge-triggered cell FDRE clocked by sys_clk_pin  {rise@0.000ns fall@5.000ns period=10.000ns})
  Path Group:             (none)
  Path Type:              Hold (Min at Fast Process Corner)
  Data Path Delay:        0.575ns  (logic 0.222ns (38.606%)  route 0.353ns (61.394%))
  Logic Levels:           1  (IBUF=1)
  Clock Path Skew:        1.988ns (DCD - SCD - CPR)
    Destination Clock Delay (DCD):    1.988ns
    Source Clock Delay      (SCD):    0.000ns
    Clock Pessimism Removal (CPR):    -0.000ns

    Location             Delay type                Incr(ns)  Path(ns)    Netlist Resource(s)
  -------------------------------------------------------------------    -------------------
    T18                                               0.000     0.000 r  i_boton3 (IN)
                         net (fo=0)                   0.000     0.000    i_boton3
    T18                  IBUF (Prop_ibuf_I_O)         0.222     0.222 r  i_boton3_IBUF_inst/O
                         net (fo=6, routed)           0.353     0.575    instanciaLatch/reg_opcode_reg[0]_0[0]
    SLICE_X0Y14          FDRE                                         r  instanciaLatch/reg_opcode_reg[2]/CE
  -------------------------------------------------------------------    -------------------

                         (clock sys_clk_pin rise edge)
                                                      0.000     0.000 r  
    W5                                                0.000     0.000 r  i_clk (IN)
                         net (fo=0)                   0.000     0.000    i_clk
    W5                   IBUF (Prop_ibuf_I_O)         0.414     0.414 r  i_clk_IBUF_inst/O
                         net (fo=1, routed)           0.685     1.099    i_clk_IBUF
    BUFGCTRL_X0Y0        BUFG (Prop_bufg_I_O)         0.029     1.128 r  i_clk_IBUF_BUFG_inst/O
                         net (fo=14, routed)          0.861     1.988    instanciaLatch/CLK
    SLICE_X0Y14          FDRE                                         r  instanciaLatch/reg_opcode_reg[2]/C

Slack:                    inf
  Source:                 i_boton4
                            (input port)
  Destination:            instanciaLatch/reg_operandoB_reg[3]/R
                            (rising edge-triggered cell FDRE clocked by sys_clk_pin  {rise@0.000ns fall@5.000ns period=10.000ns})
  Path Group:             (none)
  Path Type:              Hold (Min at Fast Process Corner)
  Data Path Delay:        0.590ns  (logic 0.210ns (35.524%)  route 0.380ns (64.476%))
  Logic Levels:           1  (IBUF=1)
  Clock Path Skew:        1.988ns (DCD - SCD - CPR)
    Destination Clock Delay (DCD):    1.988ns
    Source Clock Delay      (SCD):    0.000ns
    Clock Pessimism Removal (CPR):    -0.000ns

    Location             Delay type                Incr(ns)  Path(ns)    Netlist Resource(s)
  -------------------------------------------------------------------    -------------------
    U18                                               0.000     0.000 r  i_boton4 (IN)
                         net (fo=0)                   0.000     0.000    i_boton4
    U18                  IBUF (Prop_ibuf_I_O)         0.210     0.210 r  i_boton4_IBUF_inst/O
                         net (fo=14, routed)          0.380     0.590    instanciaLatch/SR[0]
    SLICE_X1Y13          FDRE                                         r  instanciaLatch/reg_operandoB_reg[3]/R
  -------------------------------------------------------------------    -------------------

                         (clock sys_clk_pin rise edge)
                                                      0.000     0.000 r  
    W5                                                0.000     0.000 r  i_clk (IN)
                         net (fo=0)                   0.000     0.000    i_clk
    W5                   IBUF (Prop_ibuf_I_O)         0.414     0.414 r  i_clk_IBUF_inst/O
                         net (fo=1, routed)           0.685     1.099    i_clk_IBUF
    BUFGCTRL_X0Y0        BUFG (Prop_bufg_I_O)         0.029     1.128 r  i_clk_IBUF_BUFG_inst/O
                         net (fo=14, routed)          0.861     1.988    instanciaLatch/CLK
    SLICE_X1Y13          FDRE                                         r  instanciaLatch/reg_operandoB_reg[3]/C

Slack:                    inf
  Source:                 i_boton4
                            (input port)
  Destination:            instanciaLatch/reg_operandoA_reg[0]/R
                            (rising edge-triggered cell FDRE clocked by sys_clk_pin  {rise@0.000ns fall@5.000ns period=10.000ns})
  Path Group:             (none)
  Path Type:              Hold (Min at Fast Process Corner)
  Data Path Delay:        0.594ns  (logic 0.210ns (35.264%)  route 0.385ns (64.736%))
  Logic Levels:           1  (IBUF=1)
  Clock Path Skew:        1.988ns (DCD - SCD - CPR)
    Destination Clock Delay (DCD):    1.988ns
    Source Clock Delay      (SCD):    0.000ns
    Clock Pessimism Removal (CPR):    -0.000ns

    Location             Delay type                Incr(ns)  Path(ns)    Netlist Resource(s)
  -------------------------------------------------------------------    -------------------
    U18                                               0.000     0.000 r  i_boton4 (IN)
                         net (fo=0)                   0.000     0.000    i_boton4
    U18                  IBUF (Prop_ibuf_I_O)         0.210     0.210 r  i_boton4_IBUF_inst/O
                         net (fo=14, routed)          0.385     0.594    instanciaLatch/SR[0]
    SLICE_X0Y13          FDRE                                         r  instanciaLatch/reg_operandoA_reg[0]/R
  -------------------------------------------------------------------    -------------------

                         (clock sys_clk_pin rise edge)
                                                      0.000     0.000 r  
    W5                                                0.000     0.000 r  i_clk (IN)
                         net (fo=0)                   0.000     0.000    i_clk
    W5                   IBUF (Prop_ibuf_I_O)         0.414     0.414 r  i_clk_IBUF_inst/O
                         net (fo=1, routed)           0.685     1.099    i_clk_IBUF
    BUFGCTRL_X0Y0        BUFG (Prop_bufg_I_O)         0.029     1.128 r  i_clk_IBUF_BUFG_inst/O
                         net (fo=14, routed)          0.861     1.988    instanciaLatch/CLK
    SLICE_X0Y13          FDRE                                         r  instanciaLatch/reg_operandoA_reg[0]/C

Slack:                    inf
  Source:                 i_boton4
                            (input port)
  Destination:            instanciaLatch/reg_operandoA_reg[1]/R
                            (rising edge-triggered cell FDRE clocked by sys_clk_pin  {rise@0.000ns fall@5.000ns period=10.000ns})
  Path Group:             (none)
  Path Type:              Hold (Min at Fast Process Corner)
  Data Path Delay:        0.594ns  (logic 0.210ns (35.264%)  route 0.385ns (64.736%))
  Logic Levels:           1  (IBUF=1)
  Clock Path Skew:        1.988ns (DCD - SCD - CPR)
    Destination Clock Delay (DCD):    1.988ns
    Source Clock Delay      (SCD):    0.000ns
    Clock Pessimism Removal (CPR):    -0.000ns

    Location             Delay type                Incr(ns)  Path(ns)    Netlist Resource(s)
  -------------------------------------------------------------------    -------------------
    U18                                               0.000     0.000 r  i_boton4 (IN)
                         net (fo=0)                   0.000     0.000    i_boton4
    U18                  IBUF (Prop_ibuf_I_O)         0.210     0.210 r  i_boton4_IBUF_inst/O
                         net (fo=14, routed)          0.385     0.594    instanciaLatch/SR[0]
    SLICE_X0Y13          FDRE                                         r  instanciaLatch/reg_operandoA_reg[1]/R
  -------------------------------------------------------------------    -------------------

                         (clock sys_clk_pin rise edge)
                                                      0.000     0.000 r  
    W5                                                0.000     0.000 r  i_clk (IN)
                         net (fo=0)                   0.000     0.000    i_clk
    W5                   IBUF (Prop_ibuf_I_O)         0.414     0.414 r  i_clk_IBUF_inst/O
                         net (fo=1, routed)           0.685     1.099    i_clk_IBUF
    BUFGCTRL_X0Y0        BUFG (Prop_bufg_I_O)         0.029     1.128 r  i_clk_IBUF_BUFG_inst/O
                         net (fo=14, routed)          0.861     1.988    instanciaLatch/CLK
    SLICE_X0Y13          FDRE                                         r  instanciaLatch/reg_operandoA_reg[1]/C

Slack:                    inf
  Source:                 i_boton4
                            (input port)
  Destination:            instanciaLatch/reg_operandoA_reg[2]/R
                            (rising edge-triggered cell FDRE clocked by sys_clk_pin  {rise@0.000ns fall@5.000ns period=10.000ns})
  Path Group:             (none)
  Path Type:              Hold (Min at Fast Process Corner)
  Data Path Delay:        0.594ns  (logic 0.210ns (35.264%)  route 0.385ns (64.736%))
  Logic Levels:           1  (IBUF=1)
  Clock Path Skew:        1.988ns (DCD - SCD - CPR)
    Destination Clock Delay (DCD):    1.988ns
    Source Clock Delay      (SCD):    0.000ns
    Clock Pessimism Removal (CPR):    -0.000ns

    Location             Delay type                Incr(ns)  Path(ns)    Netlist Resource(s)
  -------------------------------------------------------------------    -------------------
    U18                                               0.000     0.000 r  i_boton4 (IN)
                         net (fo=0)                   0.000     0.000    i_boton4
    U18                  IBUF (Prop_ibuf_I_O)         0.210     0.210 r  i_boton4_IBUF_inst/O
                         net (fo=14, routed)          0.385     0.594    instanciaLatch/SR[0]
    SLICE_X0Y13          FDRE                                         r  instanciaLatch/reg_operandoA_reg[2]/R
  -------------------------------------------------------------------    -------------------

                         (clock sys_clk_pin rise edge)
                                                      0.000     0.000 r  
    W5                                                0.000     0.000 r  i_clk (IN)
                         net (fo=0)                   0.000     0.000    i_clk
    W5                   IBUF (Prop_ibuf_I_O)         0.414     0.414 r  i_clk_IBUF_inst/O
                         net (fo=1, routed)           0.685     1.099    i_clk_IBUF
    BUFGCTRL_X0Y0        BUFG (Prop_bufg_I_O)         0.029     1.128 r  i_clk_IBUF_BUFG_inst/O
                         net (fo=14, routed)          0.861     1.988    instanciaLatch/CLK
    SLICE_X0Y13          FDRE                                         r  instanciaLatch/reg_operandoA_reg[2]/C

Slack:                    inf
  Source:                 i_boton4
                            (input port)
  Destination:            instanciaLatch/reg_operandoA_reg[3]/R
                            (rising edge-triggered cell FDRE clocked by sys_clk_pin  {rise@0.000ns fall@5.000ns period=10.000ns})
  Path Group:             (none)
  Path Type:              Hold (Min at Fast Process Corner)
  Data Path Delay:        0.594ns  (logic 0.210ns (35.264%)  route 0.385ns (64.736%))
  Logic Levels:           1  (IBUF=1)
  Clock Path Skew:        1.988ns (DCD - SCD - CPR)
    Destination Clock Delay (DCD):    1.988ns
    Source Clock Delay      (SCD):    0.000ns
    Clock Pessimism Removal (CPR):    -0.000ns

    Location             Delay type                Incr(ns)  Path(ns)    Netlist Resource(s)
  -------------------------------------------------------------------    -------------------
    U18                                               0.000     0.000 r  i_boton4 (IN)
                         net (fo=0)                   0.000     0.000    i_boton4
    U18                  IBUF (Prop_ibuf_I_O)         0.210     0.210 r  i_boton4_IBUF_inst/O
                         net (fo=14, routed)          0.385     0.594    instanciaLatch/SR[0]
    SLICE_X0Y13          FDRE                                         r  instanciaLatch/reg_operandoA_reg[3]/R
  -------------------------------------------------------------------    -------------------

                         (clock sys_clk_pin rise edge)
                                                      0.000     0.000 r  
    W5                                                0.000     0.000 r  i_clk (IN)
                         net (fo=0)                   0.000     0.000    i_clk
    W5                   IBUF (Prop_ibuf_I_O)         0.414     0.414 r  i_clk_IBUF_inst/O
                         net (fo=1, routed)           0.685     1.099    i_clk_IBUF
    BUFGCTRL_X0Y0        BUFG (Prop_bufg_I_O)         0.029     1.128 r  i_clk_IBUF_BUFG_inst/O
                         net (fo=14, routed)          0.861     1.988    instanciaLatch/CLK
    SLICE_X0Y13          FDRE                                         r  instanciaLatch/reg_operandoA_reg[3]/C

Slack:                    inf
  Source:                 i_switches[1]
                            (input port)
  Destination:            instanciaLatch/reg_opcode_reg[1]/D
                            (rising edge-triggered cell FDRE clocked by sys_clk_pin  {rise@0.000ns fall@5.000ns period=10.000ns})
  Path Group:             (none)
  Path Type:              Hold (Min at Fast Process Corner)
  Data Path Delay:        0.600ns  (logic 0.229ns (38.237%)  route 0.370ns (61.763%))
  Logic Levels:           1  (IBUF=1)
  Clock Path Skew:        1.989ns (DCD - SCD - CPR)
    Destination Clock Delay (DCD):    1.989ns
    Source Clock Delay      (SCD):    0.000ns
    Clock Pessimism Removal (CPR):    -0.000ns

    Location             Delay type                Incr(ns)  Path(ns)    Netlist Resource(s)
  -------------------------------------------------------------------    -------------------
    V16                                               0.000     0.000 r  i_switches[1] (IN)
                         net (fo=0)                   0.000     0.000    i_switches[1]
    V16                  IBUF (Prop_ibuf_I_O)         0.229     0.229 r  i_switches_IBUF[1]_inst/O
                         net (fo=3, routed)           0.370     0.600    instanciaLatch/D[1]
    SLICE_X0Y12          FDRE                                         r  instanciaLatch/reg_opcode_reg[1]/D
  -------------------------------------------------------------------    -------------------

                         (clock sys_clk_pin rise edge)
                                                      0.000     0.000 r  
    W5                                                0.000     0.000 r  i_clk (IN)
                         net (fo=0)                   0.000     0.000    i_clk
    W5                   IBUF (Prop_ibuf_I_O)         0.414     0.414 r  i_clk_IBUF_inst/O
                         net (fo=1, routed)           0.685     1.099    i_clk_IBUF
    BUFGCTRL_X0Y0        BUFG (Prop_bufg_I_O)         0.029     1.128 r  i_clk_IBUF_BUFG_inst/O
                         net (fo=14, routed)          0.862     1.989    instanciaLatch/CLK
    SLICE_X0Y12          FDRE                                         r  instanciaLatch/reg_opcode_reg[1]/C

Slack:                    inf
  Source:                 i_switches[1]
                            (input port)
  Destination:            instanciaLatch/reg_operandoB_reg[1]/D
                            (rising edge-triggered cell FDRE clocked by sys_clk_pin  {rise@0.000ns fall@5.000ns period=10.000ns})
  Path Group:             (none)
  Path Type:              Hold (Min at Fast Process Corner)
  Data Path Delay:        0.600ns  (logic 0.229ns (38.237%)  route 0.370ns (61.763%))
  Logic Levels:           1  (IBUF=1)
  Clock Path Skew:        1.989ns (DCD - SCD - CPR)
    Destination Clock Delay (DCD):    1.989ns
    Source Clock Delay      (SCD):    0.000ns
    Clock Pessimism Removal (CPR):    -0.000ns

    Location             Delay type                Incr(ns)  Path(ns)    Netlist Resource(s)
  -------------------------------------------------------------------    -------------------
    V16                                               0.000     0.000 r  i_switches[1] (IN)
                         net (fo=0)                   0.000     0.000    i_switches[1]
    V16                  IBUF (Prop_ibuf_I_O)         0.229     0.229 r  i_switches_IBUF[1]_inst/O
                         net (fo=3, routed)           0.370     0.600    instanciaLatch/D[1]
    SLICE_X1Y12          FDRE                                         r  instanciaLatch/reg_operandoB_reg[1]/D
  -------------------------------------------------------------------    -------------------

                         (clock sys_clk_pin rise edge)
                                                      0.000     0.000 r  
    W5                                                0.000     0.000 r  i_clk (IN)
                         net (fo=0)                   0.000     0.000    i_clk
    W5                   IBUF (Prop_ibuf_I_O)         0.414     0.414 r  i_clk_IBUF_inst/O
                         net (fo=1, routed)           0.685     1.099    i_clk_IBUF
    BUFGCTRL_X0Y0        BUFG (Prop_bufg_I_O)         0.029     1.128 r  i_clk_IBUF_BUFG_inst/O
                         net (fo=14, routed)          0.862     1.989    instanciaLatch/CLK
    SLICE_X1Y12          FDRE                                         r  instanciaLatch/reg_operandoB_reg[1]/C

Slack:                    inf
  Source:                 i_boton1
                            (input port)
  Destination:            instanciaLatch/reg_operandoA_reg[0]/CE
                            (rising edge-triggered cell FDRE clocked by sys_clk_pin  {rise@0.000ns fall@5.000ns period=10.000ns})
  Path Group:             (none)
  Path Type:              Hold (Min at Fast Process Corner)
  Data Path Delay:        0.603ns  (logic 0.219ns (36.368%)  route 0.384ns (63.632%))
  Logic Levels:           1  (IBUF=1)
  Clock Path Skew:        1.988ns (DCD - SCD - CPR)
    Destination Clock Delay (DCD):    1.988ns
    Source Clock Delay      (SCD):    0.000ns
    Clock Pessimism Removal (CPR):    -0.000ns

    Location             Delay type                Incr(ns)  Path(ns)    Netlist Resource(s)
  -------------------------------------------------------------------    -------------------
    W19                                               0.000     0.000 r  i_boton1 (IN)
                         net (fo=0)                   0.000     0.000    i_boton1
    W19                  IBUF (Prop_ibuf_I_O)         0.219     0.219 r  i_boton1_IBUF_inst/O
                         net (fo=4, routed)           0.384     0.603    instanciaLatch/reg_operandoA_reg[0]_0[0]
    SLICE_X0Y13          FDRE                                         r  instanciaLatch/reg_operandoA_reg[0]/CE
  -------------------------------------------------------------------    -------------------

                         (clock sys_clk_pin rise edge)
                                                      0.000     0.000 r  
    W5                                                0.000     0.000 r  i_clk (IN)
                         net (fo=0)                   0.000     0.000    i_clk
    W5                   IBUF (Prop_ibuf_I_O)         0.414     0.414 r  i_clk_IBUF_inst/O
                         net (fo=1, routed)           0.685     1.099    i_clk_IBUF
    BUFGCTRL_X0Y0        BUFG (Prop_bufg_I_O)         0.029     1.128 r  i_clk_IBUF_BUFG_inst/O
                         net (fo=14, routed)          0.861     1.988    instanciaLatch/CLK
    SLICE_X0Y13          FDRE                                         r  instanciaLatch/reg_operandoA_reg[0]/C

Slack:                    inf
  Source:                 i_boton1
                            (input port)
  Destination:            instanciaLatch/reg_operandoA_reg[1]/CE
                            (rising edge-triggered cell FDRE clocked by sys_clk_pin  {rise@0.000ns fall@5.000ns period=10.000ns})
  Path Group:             (none)
  Path Type:              Hold (Min at Fast Process Corner)
  Data Path Delay:        0.603ns  (logic 0.219ns (36.368%)  route 0.384ns (63.632%))
  Logic Levels:           1  (IBUF=1)
  Clock Path Skew:        1.988ns (DCD - SCD - CPR)
    Destination Clock Delay (DCD):    1.988ns
    Source Clock Delay      (SCD):    0.000ns
    Clock Pessimism Removal (CPR):    -0.000ns

    Location             Delay type                Incr(ns)  Path(ns)    Netlist Resource(s)
  -------------------------------------------------------------------    -------------------
    W19                                               0.000     0.000 r  i_boton1 (IN)
                         net (fo=0)                   0.000     0.000    i_boton1
    W19                  IBUF (Prop_ibuf_I_O)         0.219     0.219 r  i_boton1_IBUF_inst/O
                         net (fo=4, routed)           0.384     0.603    instanciaLatch/reg_operandoA_reg[0]_0[0]
    SLICE_X0Y13          FDRE                                         r  instanciaLatch/reg_operandoA_reg[1]/CE
  -------------------------------------------------------------------    -------------------

                         (clock sys_clk_pin rise edge)
                                                      0.000     0.000 r  
    W5                                                0.000     0.000 r  i_clk (IN)
                         net (fo=0)                   0.000     0.000    i_clk
    W5                   IBUF (Prop_ibuf_I_O)         0.414     0.414 r  i_clk_IBUF_inst/O
                         net (fo=1, routed)           0.685     1.099    i_clk_IBUF
    BUFGCTRL_X0Y0        BUFG (Prop_bufg_I_O)         0.029     1.128 r  i_clk_IBUF_BUFG_inst/O
                         net (fo=14, routed)          0.861     1.988    instanciaLatch/CLK
    SLICE_X0Y13          FDRE                                         r  instanciaLatch/reg_operandoA_reg[1]/C





